#
# A fatal error has been detected by the Java Runtime Environment:
#
#  EXCEPTION_ACCESS_VIOLATION (0xc0000005) at pc=0x00007ff93c7aaebb, pid=7040, tid=9792
#
# JRE version: OpenJDK Runtime Environment JBR-11.0.11.9-1341.60-jcef (11.0.11+9) (build 11.0.11+9-b1341.60)
# Java VM: OpenJDK 64-Bit Server VM JBR-11.0.11.9-1341.60-jcef (11.0.11+9-b1341.60, mixed mode, tiered, compressed oops, g1 gc, windows-amd64)
# Problematic frame:
# V  [jvm.dll+0x1aaebb]
#
# No core dump will be written. Minidumps are not enabled by default on client versions of Windows
#
# If you would like to submit a bug report, please visit:
#   https://bugreport.java.com/bugreport/crash.jsp
#

---------------  S U M M A R Y ------------

Command Line: org.jetbrains.git4idea.http.GitAskPassApp Password for 'https://fslaurafs@github.com': 

Host: Intel(R) Core(TM) i5-10400F CPU @ 2.90GHz, 12 cores, 7G,  Windows 10 , 64 bit Build 19041 (10.0.19041.1151)
Time: Thu Aug 12 13:33:44 2021 Hora oficial do Brasil elapsed time: 0.127201 seconds (0d 0h 0m 0s)

---------------  T H R E A D  ---------------

Current thread (0x000001f3031d2800):  JavaThread "C1 CompilerThread0" daemon [_thread_in_native, id=9792, stack(0x000000b09b200000,0x000000b09b300000)]


Current CompileTask:
C1:    127  171       3       jdk.internal.org.objectweb.asm.Frame::execute (2264 bytes)

Stack: [0x000000b09b200000,0x000000b09b300000],  sp=0x000000b09b2fec70,  free space=1019k
Native frames: (J=compiled Java code, j=interpreted, Vv=VM code, C=native code)
V  [jvm.dll+0x1aaebb]
V  [jvm.dll+0x14a0ac]
V  [jvm.dll+0x1424b3]
V  [jvm.dll+0x1422fb]
V  [jvm.dll+0x1262d4]
V  [jvm.dll+0x125ff5]
V  [jvm.dll+0x126113]
V  [jvm.dll+0x125427]
V  [jvm.dll+0x126ff7]
V  [jvm.dll+0x20b277]
V  [jvm.dll+0x209ac1]
V  [jvm.dll+0x74165f]
V  [jvm.dll+0x73a125]
V  [jvm.dll+0x5f4b76]
C  [ucrtbase.dll+0x21bb2]
C  [KERNEL32.DLL+0x17034]
C  [ntdll.dll+0x52651]


siginfo: EXCEPTION_ACCESS_VIOLATION (0xc0000005), reading address 0xffffffffffffffff


Register to memory mapping:

RIP=0x00007ff93c7aaebb jvm.dll
RAX=0x95c0000001f3033b is an unknown value
RBX=0x0000000000000002 is an unknown value
RCX=0x0 is NULL
RDX=0x000001f3034731e0 points into unknown readable memory: 0x00007ff93ce4d628 | 28 d6 e4 3c f9 7f 00 00
RSP=0x000000b09b2fec70 is pointing into the stack for thread: 0x000001f3031d2800
RBP=0x000000b09b2feda0 is pointing into the stack for thread: 0x000001f3031d2800
RSI=0x000000b09b2fee90 is pointing into the stack for thread: 0x000001f3031d2800
RDI=0x000001f3034731e0 points into unknown readable memory: 0x00007ff93ce4d628 | 28 d6 e4 3c f9 7f 00 00
R8 =0x000000b09b2ff1b0 is pointing into the stack for thread: 0x000001f3031d2800
R9 =0x000001f3035cfa60 points into unknown readable memory: 0x00007ff93ce44080 | 80 40 e4 3c f9 7f 00 00
R10=0x000000b09b2ff208 is pointing into the stack for thread: 0x000001f3031d2800
R11=0x000001f303472e98 points into unknown readable memory: 0x00007aa1ffffffff | ff ff ff ff a1 7a 00 00
R12=0x000001f36765bbf0 points into unknown readable memory: 0x0000000000000000 | 00 00 00 00 00 00 00 00
R13=
[error occurred during error reporting (printing register info), id 0xc0000005, EXCEPTION_ACCESS_VIOLATION (0xc0000005) at pc=0x00007ff93c8dc8d7]

Registers:
RAX=0x95c0000001f3033b, RBX=0x0000000000000002, RCX=0x0000000000000000, RDX=0x000001f3034731e0
RSP=0x000000b09b2fec70, RBP=0x000000b09b2feda0, RSI=0x000000b09b2fee90, RDI=0x000001f3034731e0
R8 =0x000000b09b2ff1b0, R9 =0x000001f3035cfa60, R10=0x000000b09b2ff208, R11=0x000001f303472e98
R12=0x000001f36765bbf0, R13=0x00000000ffffffff, R14=0x000001f303472530, R15=0x000001f3031d2800
RIP=0x00007ff93c7aaebb, EFLAGS=0x0000000000010246

Top of Stack: (sp=0x000000b09b2fec70)
0x000000b09b2fec70:   000001f302abe898 000001f3035cfa60
0x000000b09b2fec80:   ffffffffffffffff 00007ff93c6d076e
0x000000b09b2fec90:   000001f3034730a0 00007ff93c74a0ac
0x000000b09b2feca0:   000000000001800b 000000b09b2feda0
0x000000b09b2fecb0:   000000b000000000 000000b09b2fee90
0x000000b09b2fecc0:   00000000007ffff8 00007ff93c745d73
0x000000b09b2fecd0:   0000000000000002 00007ff93c74c0ca
0x000000b09b2fece0:   ffffffffffffffff 00000140ffffffff
0x000000b09b2fecf0:   ffffffffffffff00 00007ff93cda5470
0x000000b09b2fed00:   0000000000000000 ffffffffffffffff
0x000000b09b2fed10:   ffffffffffffffff 00000001ffffffff
0x000000b09b2fed20:   000001f3031d2800 000000000000000a
0x000000b09b2fed30:   000001f36765bbf0 000000000001800b
0x000000b09b2fed40:   0000000000000029 00007ff93c743039
0x000000b09b2fed50:   000001f303472d40 000000b09b2fee90
0x000000b09b2fed60:   0000000000000000 000000010000000a 

Instructions: (pc=0x00007ff93c7aaebb)
0x00007ff93c7aadbb:   1e 48 89 74 24 20 48 89 5c 24 28 48 85 f6 74 2b
0x00007ff93c7aadcb:   48 8b 9b 88 02 00 00 8b 13 3b 53 04 75 08 48 8b
0x00007ff93c7aaddb:   cb e8 df 51 4a 00 48 63 0b 8d 41 01 89 03 48 8b
0x00007ff93c7aadeb:   43 18 48 89 34 c8 48 8b 74 24 20 49 8b 06 48 8b
0x00007ff93c7aadfb:   56 10 48 8b 88 d0 04 00 00 48 8b 49 40 48 85 d2
0x00007ff93c7aae0b:   74 13 e8 ee 5d 00 00 48 8b c8 48 89 47 38 e8 72
0x00007ff93c7aae1b:   2f 00 00 eb 09 e8 8b 5d 00 00 48 89 47 38 48 8b
0x00007ff93c7aae2b:   77 38 48 8d 4c 24 20 e8 09 4c 19 00 48 8b 9d f0
0x00007ff93c7aae3b:   00 00 00 4c 8b 74 24 58 48 8b 43 10 48 8b 7b 08
0x00007ff93c7aae4b:   48 83 38 00 74 15 48 8b 53 28 48 8b cf e8 93 32
0x00007ff93c7aae5b:   f1 ff 48 8b 4b 10 e8 3a 31 f1 ff 4c 8b 43 10 ba
0x00007ff93c7aae6b:   06 00 00 00 4c 89 47 10 48 8b cd 4c 8b 43 18 4c
0x00007ff93c7aae7b:   89 47 18 4c 8b 43 20 4c 89 47 20 44 8d 42 fe e8
0x00007ff93c7aae8b:   81 6f f5 ff 48 8b 6c 24 48 48 8b c6 48 8b 74 24
0x00007ff93c7aae9b:   50 48 8b 5c 24 40 48 83 c4 30 5f c3 cc cc cc cc
0x00007ff93c7aaeab:   cc cc cc cc cc 48 83 ec 28 e8 a7 fe ff ff 33 c9
0x00007ff93c7aaebb:   38 48 2c 48 0f 44 c1 48 83 c4 28 c3 cc cc cc cc
0x00007ff93c7aaecb:   cc cc cc cc cc 48 89 5c 24 08 48 89 74 24 10 48
0x00007ff93c7aaedb:   89 7c 24 18 41 56 48 83 ec 20 49 8b f1 4d 8b f0
0x00007ff93c7aaeeb:   8b fa 48 8b d9 e8 ab 89 40 00 84 c0 74 60 48 8b
0x00007ff93c7aaefb:   cb e8 5f fe ff ff 48 85 c0 74 53 48 8b cb e8 52
0x00007ff93c7aaf0b:   fe ff ff 80 78 2c 02 75 45 48 8b cb e8 44 fe ff
0x00007ff93c7aaf1b:   ff 48 8b c8 e8 ec a3 f8 ff 48 8b d8 48 85 c0 74
0x00007ff93c7aaf2b:   2d 48 8b 40 08 8b 40 08 99 2b c2 d1 f8 3b f8 7d
0x00007ff93c7aaf3b:   1d 8b d7 48 8b cb e8 fa 08 00 00 8b d7 49 89 06
0x00007ff93c7aaf4b:   48 8b cb e8 ed d2 ff ff 89 06 b0 01 eb 02 32 c0
0x00007ff93c7aaf5b:   48 8b 5c 24 30 48 8b 74 24 38 48 8b 7c 24 40 48
0x00007ff93c7aaf6b:   83 c4 20 41 5e c3 cc cc cc cc cc cc cc cc cc cc
0x00007ff93c7aaf7b:   cc cc cc cc cc c2 00 00 cc cc cc cc cc cc cc cc
0x00007ff93c7aaf8b:   cc cc cc cc cc 48 89 5c 24 10 57 48 83 ec 20 48
0x00007ff93c7aaf9b:   8b fa 48 8b d9 48 8b cf 48 8d 15 86 96 6a 00 e8
0x00007ff93c7aafab:   81 cd 44 00 48 8b 4b 20 48 8b d7 e8 b5 9f 00 00 


Stack slot to memory mapping:
stack at sp + 0 slots: 0x000001f302abe898 is pointing into metadata
stack at sp + 1 slots: 0x000001f3035cfa60 points into unknown readable memory: 0x00007ff93ce44080 | 80 40 e4 3c f9 7f 00 00
stack at sp + 2 slots: 0xffffffffffffffff is an unknown value
stack at sp + 3 slots: 0x00007ff93c6d076e jvm.dll
stack at sp + 4 slots: 0x000001f3034730a0 points into unknown readable memory: 0x00007ff93ce3c238 | 38 c2 e3 3c f9 7f 00 00
stack at sp + 5 slots: 0x00007ff93c74a0ac jvm.dll
stack at sp + 6 slots: 0x000000000001800b is an unknown value
stack at sp + 7 slots: 0x000000b09b2feda0 is pointing into the stack for thread: 0x000001f3031d2800


---------------  P R O C E S S  ---------------

Threads class SMR info:
_java_thread_list=0x000001f303335c50, length=10, elements={
0x000001f36765c000, 0x000001f302834800, 0x000001f30283f800, 0x000001f3031c9800,
0x000001f3031cc000, 0x000001f3031cd000, 0x000001f3031d0800, 0x000001f3031d2800,
0x000001f302854000, 0x000001f303337000
}

Java Threads: ( => current thread )
  0x000001f36765c000 JavaThread "main" [_thread_in_vm, id=5164, stack(0x000000b09a500000,0x000000b09a600000)]
  0x000001f302834800 JavaThread "Reference Handler" daemon [_thread_blocked, id=8320, stack(0x000000b09ac00000,0x000000b09ad00000)]
  0x000001f30283f800 JavaThread "Finalizer" daemon [_thread_blocked, id=11444, stack(0x000000b09ad00000,0x000000b09ae00000)]
  0x000001f3031c9800 JavaThread "Signal Dispatcher" daemon [_thread_blocked, id=5876, stack(0x000000b09ae00000,0x000000b09af00000)]
  0x000001f3031cc000 JavaThread "Attach Listener" daemon [_thread_blocked, id=6696, stack(0x000000b09af00000,0x000000b09b000000)]
  0x000001f3031cd000 JavaThread "Service Thread" daemon [_thread_blocked, id=5720, stack(0x000000b09b000000,0x000000b09b100000)]
  0x000001f3031d0800 JavaThread "C2 CompilerThread0" daemon [_thread_blocked, id=7784, stack(0x000000b09b100000,0x000000b09b200000)]
=>0x000001f3031d2800 JavaThread "C1 CompilerThread0" daemon [_thread_in_native, id=9792, stack(0x000000b09b200000,0x000000b09b300000)]
  0x000001f302854000 JavaThread "Sweeper thread" daemon [_thread_blocked, id=6312, stack(0x000000b09b300000,0x000000b09b400000)]
  0x000001f303337000 JavaThread "Common-Cleaner" daemon [_thread_blocked, id=9424, stack(0x000000b09b500000,0x000000b09b600000)]

Other Threads:
  0x000001f30280b800 VMThread "VM Thread" [stack: 0x000000b09ab00000,0x000000b09ac00000] [id=100]
  0x000001f303328000 WatcherThread [stack: 0x000000b09b400000,0x000000b09b500000] [id=6988]
  0x000001f367674000 GCTaskThread "GC Thread#0" [stack: 0x000000b09a600000,0x000000b09a700000] [id=10432]
  0x000001f3676a5800 ConcurrentGCThread "G1 Main Marker" [stack: 0x000000b09a700000,0x000000b09a800000] [id=4300]
  0x000001f3676a6800 ConcurrentGCThread "G1 Conc#0" [stack: 0x000000b09a800000,0x000000b09a900000] [id=4640]
  0x000001f302676800 ConcurrentGCThread "G1 Refine#0" [stack: 0x000000b09a900000,0x000000b09aa00000] [id=1084]
  0x000001f302677800 ConcurrentGCThread "G1 Young RemSet Sampling" [stack: 0x000000b09aa00000,0x000000b09ab00000] [id=1376]

Threads with active compile tasks:
C1 CompilerThread0    139  171       3       jdk.internal.org.objectweb.asm.Frame::execute (2264 bytes)

VM state:not at safepoint (normal execution)

VM Mutex/Monitor currently owned by a thread: None

Heap address: 0x0000000081000000, size: 2032 MB, Compressed Oops mode: 32-bit
Narrow klass base: 0x0000000000000000, Narrow klass shift: 3
Compressed class space size: 1073741824 Address: 0x0000000100000000

Heap:
 garbage-first heap   total 131072K, used 3072K [0x0000000081000000, 0x0000000100000000)
  region size 1024K, 5 young (5120K), 0 survivors (0K)
 Metaspace       used 7082K, capacity 7233K, committed 7424K, reserved 1056768K
  class space    used 646K, capacity 706K, committed 768K, reserved 1048576K
Heap Regions: E=young(eden), S=young(survivor), O=old, HS=humongous(starts), HC=humongous(continues), CS=collection set, F=free, A=archive, TAMS=top-at-mark-start (previous, next)
|   0|0x0000000081000000, 0x0000000081000000, 0x0000000081100000|  0%| F|  |TAMS 0x0000000081000000, 0x0000000081000000| Untracked 
|   1|0x0000000081100000, 0x0000000081100000, 0x0000000081200000|  0%| F|  |TAMS 0x0000000081100000, 0x0000000081100000| Untracked 
|   2|0x0000000081200000, 0x0000000081200000, 0x0000000081300000|  0%| F|  |TAMS 0x0000000081200000, 0x0000000081200000| Untracked 
|   3|0x0000000081300000, 0x0000000081300000, 0x0000000081400000|  0%| F|  |TAMS 0x0000000081300000, 0x0000000081300000| Untracked 
|   4|0x0000000081400000, 0x0000000081400000, 0x0000000081500000|  0%| F|  |TAMS 0x0000000081400000, 0x0000000081400000| Untracked 
|   5|0x0000000081500000, 0x0000000081500000, 0x0000000081600000|  0%| F|  |TAMS 0x0000000081500000, 0x0000000081500000| Untracked 
|   6|0x0000000081600000, 0x0000000081600000, 0x0000000081700000|  0%| F|  |TAMS 0x0000000081600000, 0x0000000081600000| Untracked 
|   7|0x0000000081700000, 0x0000000081700000, 0x0000000081800000|  0%| F|  |TAMS 0x0000000081700000, 0x0000000081700000| Untracked 
|   8|0x0000000081800000, 0x0000000081800000, 0x0000000081900000|  0%| F|  |TAMS 0x0000000081800000, 0x0000000081800000| Untracked 
|   9|0x0000000081900000, 0x0000000081900000, 0x0000000081a00000|  0%| F|  |TAMS 0x0000000081900000, 0x0000000081900000| Untracked 
|  10|0x0000000081a00000, 0x0000000081a00000, 0x0000000081b00000|  0%| F|  |TAMS 0x0000000081a00000, 0x0000000081a00000| Untracked 
|  11|0x0000000081b00000, 0x0000000081b00000, 0x0000000081c00000|  0%| F|  |TAMS 0x0000000081b00000, 0x0000000081b00000| Untracked 
|  12|0x0000000081c00000, 0x0000000081c00000, 0x0000000081d00000|  0%| F|  |TAMS 0x0000000081c00000, 0x0000000081c00000| Untracked 
|  13|0x0000000081d00000, 0x0000000081d00000, 0x0000000081e00000|  0%| F|  |TAMS 0x0000000081d00000, 0x0000000081d00000| Untracked 
|  14|0x0000000081e00000, 0x0000000081e00000, 0x0000000081f00000|  0%| F|  |TAMS 0x0000000081e00000, 0x0000000081e00000| Untracked 
|  15|0x0000000081f00000, 0x0000000081f00000, 0x0000000082000000|  0%| F|  |TAMS 0x0000000081f00000, 0x0000000081f00000| Untracked 
|  16|0x0000000082000000, 0x0000000082000000, 0x0000000082100000|  0%| F|  |TAMS 0x0000000082000000, 0x0000000082000000| Untracked 
|  17|0x0000000082100000, 0x0000000082100000, 0x0000000082200000|  0%| F|  |TAMS 0x0000000082100000, 0x0000000082100000| Untracked 
|  18|0x0000000082200000, 0x0000000082200000, 0x0000000082300000|  0%| F|  |TAMS 0x0000000082200000, 0x0000000082200000| Untracked 
|  19|0x0000000082300000, 0x0000000082300000, 0x0000000082400000|  0%| F|  |TAMS 0x0000000082300000, 0x0000000082300000| Untracked 
|  20|0x0000000082400000, 0x0000000082400000, 0x0000000082500000|  0%| F|  |TAMS 0x0000000082400000, 0x0000000082400000| Untracked 
|  21|0x0000000082500000, 0x0000000082500000, 0x0000000082600000|  0%| F|  |TAMS 0x0000000082500000, 0x0000000082500000| Untracked 
|  22|0x0000000082600000, 0x0000000082600000, 0x0000000082700000|  0%| F|  |TAMS 0x0000000082600000, 0x0000000082600000| Untracked 
|  23|0x0000000082700000, 0x0000000082700000, 0x0000000082800000|  0%| F|  |TAMS 0x0000000082700000, 0x0000000082700000| Untracked 
|  24|0x0000000082800000, 0x0000000082800000, 0x0000000082900000|  0%| F|  |TAMS 0x0000000082800000, 0x0000000082800000| Untracked 
|  25|0x0000000082900000, 0x0000000082900000, 0x0000000082a00000|  0%| F|  |TAMS 0x0000000082900000, 0x0000000082900000| Untracked 
|  26|0x0000000082a00000, 0x0000000082a00000, 0x0000000082b00000|  0%| F|  |TAMS 0x0000000082a00000, 0x0000000082a00000| Untracked 
|  27|0x0000000082b00000, 0x0000000082b00000, 0x0000000082c00000|  0%| F|  |TAMS 0x0000000082b00000, 0x0000000082b00000| Untracked 
|  28|0x0000000082c00000, 0x0000000082c00000, 0x0000000082d00000|  0%| F|  |TAMS 0x0000000082c00000, 0x0000000082c00000| Untracked 
|  29|0x0000000082d00000, 0x0000000082d00000, 0x0000000082e00000|  0%| F|  |TAMS 0x0000000082d00000, 0x0000000082d00000| Untracked 
|  30|0x0000000082e00000, 0x0000000082e00000, 0x0000000082f00000|  0%| F|  |TAMS 0x0000000082e00000, 0x0000000082e00000| Untracked 
|  31|0x0000000082f00000, 0x0000000082f00000, 0x0000000083000000|  0%| F|  |TAMS 0x0000000082f00000, 0x0000000082f00000| Untracked 
|  32|0x0000000083000000, 0x0000000083000000, 0x0000000083100000|  0%| F|  |TAMS 0x0000000083000000, 0x0000000083000000| Untracked 
|  33|0x0000000083100000, 0x0000000083100000, 0x0000000083200000|  0%| F|  |TAMS 0x0000000083100000, 0x0000000083100000| Untracked 
|  34|0x0000000083200000, 0x0000000083200000, 0x0000000083300000|  0%| F|  |TAMS 0x0000000083200000, 0x0000000083200000| Untracked 
|  35|0x0000000083300000, 0x0000000083300000, 0x0000000083400000|  0%| F|  |TAMS 0x0000000083300000, 0x0000000083300000| Untracked 
|  36|0x0000000083400000, 0x0000000083400000, 0x0000000083500000|  0%| F|  |TAMS 0x0000000083400000, 0x0000000083400000| Untracked 
|  37|0x0000000083500000, 0x0000000083500000, 0x0000000083600000|  0%| F|  |TAMS 0x0000000083500000, 0x0000000083500000| Untracked 
|  38|0x0000000083600000, 0x0000000083600000, 0x0000000083700000|  0%| F|  |TAMS 0x0000000083600000, 0x0000000083600000| Untracked 
|  39|0x0000000083700000, 0x0000000083700000, 0x0000000083800000|  0%| F|  |TAMS 0x0000000083700000, 0x0000000083700000| Untracked 
|  40|0x0000000083800000, 0x0000000083800000, 0x0000000083900000|  0%| F|  |TAMS 0x0000000083800000, 0x0000000083800000| Untracked 
|  41|0x0000000083900000, 0x0000000083900000, 0x0000000083a00000|  0%| F|  |TAMS 0x0000000083900000, 0x0000000083900000| Untracked 
|  42|0x0000000083a00000, 0x0000000083a00000, 0x0000000083b00000|  0%| F|  |TAMS 0x0000000083a00000, 0x0000000083a00000| Untracked 
|  43|0x0000000083b00000, 0x0000000083b00000, 0x0000000083c00000|  0%| F|  |TAMS 0x0000000083b00000, 0x0000000083b00000| Untracked 
|  44|0x0000000083c00000, 0x0000000083c00000, 0x0000000083d00000|  0%| F|  |TAMS 0x0000000083c00000, 0x0000000083c00000| Untracked 
|  45|0x0000000083d00000, 0x0000000083d00000, 0x0000000083e00000|  0%| F|  |TAMS 0x0000000083d00000, 0x0000000083d00000| Untracked 
|  46|0x0000000083e00000, 0x0000000083e00000, 0x0000000083f00000|  0%| F|  |TAMS 0x0000000083e00000, 0x0000000083e00000| Untracked 
|  47|0x0000000083f00000, 0x0000000083f00000, 0x0000000084000000|  0%| F|  |TAMS 0x0000000083f00000, 0x0000000083f00000| Untracked 
|  48|0x0000000084000000, 0x0000000084000000, 0x0000000084100000|  0%| F|  |TAMS 0x0000000084000000, 0x0000000084000000| Untracked 
|  49|0x0000000084100000, 0x0000000084100000, 0x0000000084200000|  0%| F|  |TAMS 0x0000000084100000, 0x0000000084100000| Untracked 
|  50|0x0000000084200000, 0x0000000084200000, 0x0000000084300000|  0%| F|  |TAMS 0x0000000084200000, 0x0000000084200000| Untracked 
|  51|0x0000000084300000, 0x0000000084300000, 0x0000000084400000|  0%| F|  |TAMS 0x0000000084300000, 0x0000000084300000| Untracked 
|  52|0x0000000084400000, 0x0000000084400000, 0x0000000084500000|  0%| F|  |TAMS 0x0000000084400000, 0x0000000084400000| Untracked 
|  53|0x0000000084500000, 0x0000000084500000, 0x0000000084600000|  0%| F|  |TAMS 0x0000000084500000, 0x0000000084500000| Untracked 
|  54|0x0000000084600000, 0x0000000084600000, 0x0000000084700000|  0%| F|  |TAMS 0x0000000084600000, 0x0000000084600000| Untracked 
|  55|0x0000000084700000, 0x0000000084700000, 0x0000000084800000|  0%| F|  |TAMS 0x0000000084700000, 0x0000000084700000| Untracked 
|  56|0x0000000084800000, 0x0000000084800000, 0x0000000084900000|  0%| F|  |TAMS 0x0000000084800000, 0x0000000084800000| Untracked 
|  57|0x0000000084900000, 0x0000000084900000, 0x0000000084a00000|  0%| F|  |TAMS 0x0000000084900000, 0x0000000084900000| Untracked 
|  58|0x0000000084a00000, 0x0000000084a00000, 0x0000000084b00000|  0%| F|  |TAMS 0x0000000084a00000, 0x0000000084a00000| Untracked 
|  59|0x0000000084b00000, 0x0000000084b00000, 0x0000000084c00000|  0%| F|  |TAMS 0x0000000084b00000, 0x0000000084b00000| Untracked 
|  60|0x0000000084c00000, 0x0000000084c00000, 0x0000000084d00000|  0%| F|  |TAMS 0x0000000084c00000, 0x0000000084c00000| Untracked 
|  61|0x0000000084d00000, 0x0000000084d00000, 0x0000000084e00000|  0%| F|  |TAMS 0x0000000084d00000, 0x0000000084d00000| Untracked 
|  62|0x0000000084e00000, 0x0000000084e00000, 0x0000000084f00000|  0%| F|  |TAMS 0x0000000084e00000, 0x0000000084e00000| Untracked 
|  63|0x0000000084f00000, 0x0000000084f00000, 0x0000000085000000|  0%| F|  |TAMS 0x0000000084f00000, 0x0000000084f00000| Untracked 
|  64|0x0000000085000000, 0x0000000085000000, 0x0000000085100000|  0%| F|  |TAMS 0x0000000085000000, 0x0000000085000000| Untracked 
|  65|0x0000000085100000, 0x0000000085100000, 0x0000000085200000|  0%| F|  |TAMS 0x0000000085100000, 0x0000000085100000| Untracked 
|  66|0x0000000085200000, 0x0000000085200000, 0x0000000085300000|  0%| F|  |TAMS 0x0000000085200000, 0x0000000085200000| Untracked 
|  67|0x0000000085300000, 0x0000000085300000, 0x0000000085400000|  0%| F|  |TAMS 0x0000000085300000, 0x0000000085300000| Untracked 
|  68|0x0000000085400000, 0x0000000085400000, 0x0000000085500000|  0%| F|  |TAMS 0x0000000085400000, 0x0000000085400000| Untracked 
|  69|0x0000000085500000, 0x0000000085500000, 0x0000000085600000|  0%| F|  |TAMS 0x0000000085500000, 0x0000000085500000| Untracked 
|  70|0x0000000085600000, 0x0000000085600000, 0x0000000085700000|  0%| F|  |TAMS 0x0000000085600000, 0x0000000085600000| Untracked 
|  71|0x0000000085700000, 0x0000000085700000, 0x0000000085800000|  0%| F|  |TAMS 0x0000000085700000, 0x0000000085700000| Untracked 
|  72|0x0000000085800000, 0x0000000085800000, 0x0000000085900000|  0%| F|  |TAMS 0x0000000085800000, 0x0000000085800000| Untracked 
|  73|0x0000000085900000, 0x0000000085900000, 0x0000000085a00000|  0%| F|  |TAMS 0x0000000085900000, 0x0000000085900000| Untracked 
|  74|0x0000000085a00000, 0x0000000085a00000, 0x0000000085b00000|  0%| F|  |TAMS 0x0000000085a00000, 0x0000000085a00000| Untracked 
|  75|0x0000000085b00000, 0x0000000085b00000, 0x0000000085c00000|  0%| F|  |TAMS 0x0000000085b00000, 0x0000000085b00000| Untracked 
|  76|0x0000000085c00000, 0x0000000085c00000, 0x0000000085d00000|  0%| F|  |TAMS 0x0000000085c00000, 0x0000000085c00000| Untracked 
|  77|0x0000000085d00000, 0x0000000085d00000, 0x0000000085e00000|  0%| F|  |TAMS 0x0000000085d00000, 0x0000000085d00000| Untracked 
|  78|0x0000000085e00000, 0x0000000085e00000, 0x0000000085f00000|  0%| F|  |TAMS 0x0000000085e00000, 0x0000000085e00000| Untracked 
|  79|0x0000000085f00000, 0x0000000085f00000, 0x0000000086000000|  0%| F|  |TAMS 0x0000000085f00000, 0x0000000085f00000| Untracked 
|  80|0x0000000086000000, 0x0000000086000000, 0x0000000086100000|  0%| F|  |TAMS 0x0000000086000000, 0x0000000086000000| Untracked 
|  81|0x0000000086100000, 0x0000000086100000, 0x0000000086200000|  0%| F|  |TAMS 0x0000000086100000, 0x0000000086100000| Untracked 
|  82|0x0000000086200000, 0x0000000086200000, 0x0000000086300000|  0%| F|  |TAMS 0x0000000086200000, 0x0000000086200000| Untracked 
|  83|0x0000000086300000, 0x0000000086300000, 0x0000000086400000|  0%| F|  |TAMS 0x0000000086300000, 0x0000000086300000| Untracked 
|  84|0x0000000086400000, 0x0000000086400000, 0x0000000086500000|  0%| F|  |TAMS 0x0000000086400000, 0x0000000086400000| Untracked 
|  85|0x0000000086500000, 0x0000000086500000, 0x0000000086600000|  0%| F|  |TAMS 0x0000000086500000, 0x0000000086500000| Untracked 
|  86|0x0000000086600000, 0x0000000086600000, 0x0000000086700000|  0%| F|  |TAMS 0x0000000086600000, 0x0000000086600000| Untracked 
|  87|0x0000000086700000, 0x0000000086700000, 0x0000000086800000|  0%| F|  |TAMS 0x0000000086700000, 0x0000000086700000| Untracked 
|  88|0x0000000086800000, 0x0000000086800000, 0x0000000086900000|  0%| F|  |TAMS 0x0000000086800000, 0x0000000086800000| Untracked 
|  89|0x0000000086900000, 0x0000000086900000, 0x0000000086a00000|  0%| F|  |TAMS 0x0000000086900000, 0x0000000086900000| Untracked 
|  90|0x0000000086a00000, 0x0000000086a00000, 0x0000000086b00000|  0%| F|  |TAMS 0x0000000086a00000, 0x0000000086a00000| Untracked 
|  91|0x0000000086b00000, 0x0000000086b00000, 0x0000000086c00000|  0%| F|  |TAMS 0x0000000086b00000, 0x0000000086b00000| Untracked 
|  92|0x0000000086c00000, 0x0000000086c00000, 0x0000000086d00000|  0%| F|  |TAMS 0x0000000086c00000, 0x0000000086c00000| Untracked 
|  93|0x0000000086d00000, 0x0000000086d00000, 0x0000000086e00000|  0%| F|  |TAMS 0x0000000086d00000, 0x0000000086d00000| Untracked 
|  94|0x0000000086e00000, 0x0000000086e00000, 0x0000000086f00000|  0%| F|  |TAMS 0x0000000086e00000, 0x0000000086e00000| Untracked 
|  95|0x0000000086f00000, 0x0000000086f00000, 0x0000000087000000|  0%| F|  |TAMS 0x0000000086f00000, 0x0000000086f00000| Untracked 
|  96|0x0000000087000000, 0x0000000087000000, 0x0000000087100000|  0%| F|  |TAMS 0x0000000087000000, 0x0000000087000000| Untracked 
|  97|0x0000000087100000, 0x0000000087100000, 0x0000000087200000|  0%| F|  |TAMS 0x0000000087100000, 0x0000000087100000| Untracked 
|  98|0x0000000087200000, 0x0000000087200000, 0x0000000087300000|  0%| F|  |TAMS 0x0000000087200000, 0x0000000087200000| Untracked 
|  99|0x0000000087300000, 0x0000000087300000, 0x0000000087400000|  0%| F|  |TAMS 0x0000000087300000, 0x0000000087300000| Untracked 
| 100|0x0000000087400000, 0x0000000087400000, 0x0000000087500000|  0%| F|  |TAMS 0x0000000087400000, 0x0000000087400000| Untracked 
| 101|0x0000000087500000, 0x0000000087500000, 0x0000000087600000|  0%| F|  |TAMS 0x0000000087500000, 0x0000000087500000| Untracked 
| 102|0x0000000087600000, 0x0000000087600000, 0x0000000087700000|  0%| F|  |TAMS 0x0000000087600000, 0x0000000087600000| Untracked 
| 103|0x0000000087700000, 0x0000000087700000, 0x0000000087800000|  0%| F|  |TAMS 0x0000000087700000, 0x0000000087700000| Untracked 
| 104|0x0000000087800000, 0x0000000087800000, 0x0000000087900000|  0%| F|  |TAMS 0x0000000087800000, 0x0000000087800000| Untracked 
| 105|0x0000000087900000, 0x0000000087900000, 0x0000000087a00000|  0%| F|  |TAMS 0x0000000087900000, 0x0000000087900000| Untracked 
| 106|0x0000000087a00000, 0x0000000087a00000, 0x0000000087b00000|  0%| F|  |TAMS 0x0000000087a00000, 0x0000000087a00000| Untracked 
| 107|0x0000000087b00000, 0x0000000087b00000, 0x0000000087c00000|  0%| F|  |TAMS 0x0000000087b00000, 0x0000000087b00000| Untracked 
| 108|0x0000000087c00000, 0x0000000087c00000, 0x0000000087d00000|  0%| F|  |TAMS 0x0000000087c00000, 0x0000000087c00000| Untracked 
| 109|0x0000000087d00000, 0x0000000087d00000, 0x0000000087e00000|  0%| F|  |TAMS 0x0000000087d00000, 0x0000000087d00000| Untracked 
| 110|0x0000000087e00000, 0x0000000087e00000, 0x0000000087f00000|  0%| F|  |TAMS 0x0000000087e00000, 0x0000000087e00000| Untracked 
| 111|0x0000000087f00000, 0x0000000087f00000, 0x0000000088000000|  0%| F|  |TAMS 0x0000000087f00000, 0x0000000087f00000| Untracked 
| 112|0x0000000088000000, 0x0000000088000000, 0x0000000088100000|  0%| F|  |TAMS 0x0000000088000000, 0x0000000088000000| Untracked 
| 113|0x0000000088100000, 0x0000000088100000, 0x0000000088200000|  0%| F|  |TAMS 0x0000000088100000, 0x0000000088100000| Untracked 
| 114|0x0000000088200000, 0x0000000088200000, 0x0000000088300000|  0%| F|  |TAMS 0x0000000088200000, 0x0000000088200000| Untracked 
| 115|0x0000000088300000, 0x0000000088300000, 0x0000000088400000|  0%| F|  |TAMS 0x0000000088300000, 0x0000000088300000| Untracked 
| 116|0x0000000088400000, 0x0000000088400000, 0x0000000088500000|  0%| F|  |TAMS 0x0000000088400000, 0x0000000088400000| Untracked 
| 117|0x0000000088500000, 0x0000000088500000, 0x0000000088600000|  0%| F|  |TAMS 0x0000000088500000, 0x0000000088500000| Untracked 
| 118|0x0000000088600000, 0x0000000088600000, 0x0000000088700000|  0%| F|  |TAMS 0x0000000088600000, 0x0000000088600000| Untracked 
| 119|0x0000000088700000, 0x0000000088700000, 0x0000000088800000|  0%| F|  |TAMS 0x0000000088700000, 0x0000000088700000| Untracked 
| 120|0x0000000088800000, 0x0000000088800000, 0x0000000088900000|  0%| F|  |TAMS 0x0000000088800000, 0x0000000088800000| Untracked 
| 121|0x0000000088900000, 0x0000000088900000, 0x0000000088a00000|  0%| F|  |TAMS 0x0000000088900000, 0x0000000088900000| Untracked 
| 122|0x0000000088a00000, 0x0000000088a00000, 0x0000000088b00000|  0%| F|  |TAMS 0x0000000088a00000, 0x0000000088a00000| Untracked 
| 123|0x0000000088b00000, 0x0000000088c00000, 0x0000000088c00000|100%| E|  |TAMS 0x0000000088b00000, 0x0000000088b00000| Complete 
| 124|0x0000000088c00000, 0x0000000088d00000, 0x0000000088d00000|100%| E|  |TAMS 0x0000000088c00000, 0x0000000088c00000| Complete 
| 125|0x0000000088d00000, 0x0000000088e00000, 0x0000000088e00000|100%| E|CS|TAMS 0x0000000088d00000, 0x0000000088d00000| Complete 
| 126|0x0000000088e00000, 0x0000000088f00000, 0x0000000088f00000|100%| E|CS|TAMS 0x0000000088e00000, 0x0000000088e00000| Complete 
| 127|0x0000000088f00000, 0x0000000089000000, 0x0000000089000000|100%| E|CS|TAMS 0x0000000088f00000, 0x0000000088f00000| Complete 

Card table byte_map: [0x000001f37b310000,0x000001f37b710000] _byte_map_base: 0x000001f37af08000

Marking Bits (Prev, Next): (CMBitMap*) 0x000001f36769c8f8, (CMBitMap*) 0x000001f36769c930
 Prev Bits: [0x000001f37bb10000, 0x000001f37dad0000)
 Next Bits: [0x000001f37dad0000, 0x000001f37fa90000)

Polling page: 0x000001f365e50000

Metaspace:

Usage:
  Non-class:      6.38 MB capacity,     6.30 MB ( 99%) used,    77.34 KB (  1%) free+waste,     4.75 KB ( <1%) overhead. 
      Class:    707.00 KB capacity,   648.43 KB ( 92%) used,    56.32 KB (  8%) free+waste,     2.25 KB ( <1%) overhead. 
       Both:      7.07 MB capacity,     6.93 MB ( 98%) used,   133.66 KB (  2%) free+waste,     7.00 KB ( <1%) overhead. 

Virtual space:
  Non-class space:        8.00 MB reserved,       6.50 MB ( 81%) committed 
      Class space:        1.00 GB reserved,     768.00 KB ( <1%) committed 
             Both:        1.01 GB reserved,       7.25 MB ( <1%) committed 

Chunk freelists:
   Non-Class:  0 bytes
       Class:  29.00 KB
        Both:  29.00 KB

MaxMetaspaceSize: 17179869184.00 GB
CompressedClassSpaceSize: 1.00 GB

CodeHeap 'non-profiled nmethods': size=120000Kb used=58Kb max_used=58Kb free=119941Kb
 bounds [0x000001f372d60000, 0x000001f372fd0000, 0x000001f37a290000]
CodeHeap 'profiled nmethods': size=120000Kb used=191Kb max_used=191Kb free=119808Kb
 bounds [0x000001f36b830000, 0x000001f36baa0000, 0x000001f372d60000]
CodeHeap 'non-nmethods': size=5760Kb used=1063Kb max_used=1074Kb free=4696Kb
 bounds [0x000001f36b290000, 0x000001f36b500000, 0x000001f36b830000]
 total_blobs=550 nmethods=192 adapters=270
 compilation: enabled
              stopped_count=0, restarted_count=0
 full_count=0

Compilation events (20 events):
Event: 0.101 Thread 0x000001f3031d2800 nmethod 162 0x000001f372d6b290 code [0x000001f372d6b440, 0x000001f372d6b4f8]
Event: 0.101 Thread 0x000001f3031d2800  166       1       java.lang.invoke.MethodHandle::type (5 bytes)
Event: 0.101 Thread 0x000001f3031d2800 nmethod 166 0x000001f372d6b590 code [0x000001f372d6b740, 0x000001f372d6b7f8]
Event: 0.101 Thread 0x000001f3031d2800  168       3       jdk.internal.org.objectweb.asm.ByteVector::putByte (39 bytes)
Event: 0.101 Thread 0x000001f3031d2800 nmethod 168 0x000001f36b85da10 code [0x000001f36b85dbe0, 0x000001f36b85ddc8]
Event: 0.101 Thread 0x000001f3031d2800  170       3       sun.invoke.util.Wrapper::hashPrim (30 bytes)
Event: 0.102 Thread 0x000001f3031d2800 nmethod 170 0x000001f36b85df10 code [0x000001f36b85e1c0, 0x000001f36b85edc8]
Event: 0.102 Thread 0x000001f3031d2800  172       3       java.lang.String::getBytes (44 bytes)
Event: 0.102 Thread 0x000001f3031d2800 nmethod 172 0x000001f36b85f290 code [0x000001f36b85f480, 0x000001f36b85f7b8]
Event: 0.102 Thread 0x000001f3031d2800  174       3       java.lang.invoke.LambdaForm$BasicType::basicType (19 bytes)
Event: 0.102 Thread 0x000001f3031d2800 nmethod 174 0x000001f36b85f910 code [0x000001f36b85fae0, 0x000001f36b85fd18]
Event: 0.102 Thread 0x000001f3031d2800  169       1       java.lang.invoke.LambdaForm$BasicType::basicTypeClass (5 bytes)
Event: 0.102 Thread 0x000001f3031d2800 nmethod 169 0x000001f372d6bc90 code [0x000001f372d6be40, 0x000001f372d6bef8]
Event: 0.102 Thread 0x000001f3031d2800  171       3       jdk.internal.org.objectweb.asm.Frame::execute (2264 bytes)
Event: 0.114 Thread 0x000001f3031d0800  198       4       java.lang.StringLatin1::indexOf (61 bytes)
Event: 0.116 Thread 0x000001f3031d0800 nmethod 198 0x000001f372d6d390 code [0x000001f372d6d520, 0x000001f372d6d6b8]
Event: 0.117 Thread 0x000001f3031d0800  208       4       java.util.zip.ZipUtils::SH (21 bytes)
Event: 0.118 Thread 0x000001f3031d0800 nmethod 208 0x000001f372d6dc90 code [0x000001f372d6de20, 0x000001f372d6deb8]
Event: 0.123 Thread 0x000001f3031d0800  211       4       java.lang.Object::<init> (1 bytes)
Event: 0.123 Thread 0x000001f3031d0800 nmethod 211 0x000001f372d6df90 code [0x000001f372d6e120, 0x000001f372d6e1b8]

GC Heap History (0 events):
No events

Deoptimization events (4 events):
Event: 0.060 Thread 0x000001f36765c000 Uncommon trap: trap_request=0xffffff4d fr.pc=0x000001f372d63f10 relative=0x00000000000001f0
Event: 0.060 Thread 0x000001f36765c000 Uncommon trap: reason=unstable_if action=reinterpret pc=0x000001f372d63f10 method=java.lang.String.hashCode()I @ 14 c2
Event: 0.060 Thread 0x000001f36765c000 DEOPT PACKING pc=0x000001f372d63f10 sp=0x000000b09a5fd730
Event: 0.060 Thread 0x000001f36765c000 DEOPT UNPACKING pc=0x000001f36b2b662f sp=0x000000b09a5fd6c8 mode 2

Classes redefined (0 events):
No events

Internal exceptions (0 events):
No events

Events (20 events):
Event: 0.122 loading class org/apache/xmlrpc/ServerInputStream
Event: 0.122 loading class org/apache/xmlrpc/ServerInputStream done
Event: 0.123 loading class java/lang/InterruptedException
Event: 0.123 loading class java/lang/InterruptedException done
Event: 0.123 loading class java/net/ConnectException
Event: 0.123 loading class java/net/SocketException
Event: 0.123 loading class java/net/SocketException done
Event: 0.123 loading class java/net/ConnectException done
Event: 0.123 loading class org/apache/xmlrpc/XmlRpcClientWorker
Event: 0.123 loading class org/apache/xmlrpc/XmlRpcClientWorker done
Event: 0.123 loading class org/apache/xmlrpc/XmlRpcClientException
Event: 0.123 loading class org/apache/xmlrpc/XmlRpcClientException done
Event: 0.123 loading class org/apache/xmlrpc/XmlRpcClientResponseProcessor
Event: 0.123 loading class org/apache/xmlrpc/XmlRpcClientResponseProcessor done
Event: 0.124 loading class org/apache/xmlrpc/XmlRpcClientRequestProcessor
Event: 0.124 loading class org/apache/xmlrpc/XmlRpcClientRequestProcessor done
Event: 0.124 loading class java/io/ByteArrayOutputStream
Event: 0.124 loading class java/io/ByteArrayOutputStream done
Event: 0.124 loading class org/apache/xmlrpc/XmlWriter
Event: 0.124 loading class org/apache/xmlrpc/XmlWriter done


Dynamic libraries:
0x00007ff729f70000 - 0x00007ff729f7a000 	C:\Program Files\JetBrains\PyCharm 2021.1.3\jbr\bin\java.exe
0x00007ff98c8f0000 - 0x00007ff98cae5000 	C:\Windows\SYSTEM32\ntdll.dll
0x00007ff98b130000 - 0x00007ff98b1ed000 	C:\Windows\System32\KERNEL32.DLL
0x00007ff98a4b0000 - 0x00007ff98a779000 	C:\Windows\System32\KERNELBASE.dll
0x00007ff98a020000 - 0x00007ff98a120000 	C:\Windows\System32\ucrtbase.dll
0x00007ff96f390000 - 0x00007ff96f3a9000 	C:\Program Files\JetBrains\PyCharm 2021.1.3\jbr\bin\jli.dll
0x00007ff96b670000 - 0x00007ff96b687000 	C:\Program Files\JetBrains\PyCharm 2021.1.3\jbr\bin\VCRUNTIME140.dll
0x00007ff98be70000 - 0x00007ff98c010000 	C:\Windows\System32\USER32.dll
0x00007ff98a780000 - 0x00007ff98a7a2000 	C:\Windows\System32\win32u.dll
0x00007ff97cc70000 - 0x00007ff97cf0a000 	C:\Windows\WinSxS\amd64_microsoft.windows.common-controls_6595b64144ccf1df_6.0.19041.1110_none_60b5254171f9507e\COMCTL32.dll
0x00007ff98b2a0000 - 0x00007ff98b2ca000 	C:\Windows\System32\GDI32.dll
0x00007ff98ba70000 - 0x00007ff98bb0e000 	C:\Windows\System32\msvcrt.dll
0x00007ff98a120000 - 0x00007ff98a22b000 	C:\Windows\System32\gdi32full.dll
0x00007ff98a230000 - 0x00007ff98a2cd000 	C:\Windows\System32\msvcp_win.dll
0x00007ff98be40000 - 0x00007ff98be70000 	C:\Windows\System32\IMM32.DLL
0x00007ff949c70000 - 0x00007ff949d0d000 	C:\Program Files\JetBrains\PyCharm 2021.1.3\jbr\bin\msvcp140.dll
0x00007ff93c600000 - 0x00007ff93d149000 	C:\Program Files\JetBrains\PyCharm 2021.1.3\jbr\bin\server\jvm.dll
0x00007ff98b1f0000 - 0x00007ff98b29c000 	C:\Windows\System32\ADVAPI32.dll
0x00007ff98c150000 - 0x00007ff98c1eb000 	C:\Windows\System32\sechost.dll
0x00007ff98c780000 - 0x00007ff98c8aa000 	C:\Windows\System32\RPCRT4.dll
0x00007ff98c140000 - 0x00007ff98c148000 	C:\Windows\System32\PSAPI.DLL
0x00007ff985d40000 - 0x00007ff985d49000 	C:\Windows\SYSTEM32\WSOCK32.dll
0x00007ff971ce0000 - 0x00007ff971d07000 	C:\Windows\SYSTEM32\WINMM.dll
0x00007ff98bbc0000 - 0x00007ff98bc2b000 	C:\Windows\System32\WS2_32.dll
0x00007ff984d10000 - 0x00007ff984d1a000 	C:\Windows\SYSTEM32\VERSION.dll
0x00007ff987f50000 - 0x00007ff987f62000 	C:\Windows\SYSTEM32\kernel.appcore.dll
0x00007ff982f10000 - 0x00007ff982f21000 	C:\Program Files\JetBrains\PyCharm 2021.1.3\jbr\bin\verify.dll
0x00007ff983fc0000 - 0x00007ff9841a4000 	C:\Windows\SYSTEM32\DBGHELP.DLL
0x00007ff983eb0000 - 0x00007ff983edc000 	C:\Windows\SYSTEM32\dbgcore.DLL
0x00007ff98a8c0000 - 0x00007ff98a943000 	C:\Windows\System32\bcryptPrimitives.dll
0x00007ff982ee0000 - 0x00007ff982f09000 	C:\Program Files\JetBrains\PyCharm 2021.1.3\jbr\bin\java.dll
0x00007ff985d50000 - 0x00007ff985d5b000 	C:\Program Files\JetBrains\PyCharm 2021.1.3\jbr\bin\jimage.dll
0x00007ff982ec0000 - 0x00007ff982ed8000 	C:\Program Files\JetBrains\PyCharm 2021.1.3\jbr\bin\zip.dll
0x00007ff98b2d0000 - 0x00007ff98ba0f000 	C:\Windows\System32\SHELL32.dll
0x00007ff988150000 - 0x00007ff9888e0000 	C:\Windows\SYSTEM32\windows.storage.dll
0x00007ff98c1f0000 - 0x00007ff98c545000 	C:\Windows\System32\combase.dll
0x00007ff989a80000 - 0x00007ff989aac000 	C:\Windows\SYSTEM32\Wldp.dll
0x00007ff98a9b0000 - 0x00007ff98aa5e000 	C:\Windows\System32\SHCORE.dll
0x00007ff98a950000 - 0x00007ff98a9a5000 	C:\Windows\System32\shlwapi.dll
0x00007ff989f60000 - 0x00007ff989f7f000 	C:\Windows\SYSTEM32\profapi.dll
0x00007ff982e70000 - 0x00007ff982e8a000 	C:\Program Files\JetBrains\PyCharm 2021.1.3\jbr\bin\net.dll
0x00007ff983b60000 - 0x00007ff983c68000 	C:\Windows\SYSTEM32\WINHTTP.dll
0x00007ff9897e0000 - 0x00007ff98984a000 	C:\Windows\system32\mswsock.dll
0x00007ff982de0000 - 0x00007ff982df4000 	C:\Program Files\JetBrains\PyCharm 2021.1.3\jbr\bin\nio.dll

dbghelp: loaded successfully - version: 4.0.5 - missing functions: none
symbol engine: initialized successfully - sym options: 0x614 - pdb path: .;C:\Program Files\JetBrains\PyCharm 2021.1.3\jbr\bin;C:\Windows\SYSTEM32;C:\Windows\WinSxS\amd64_microsoft.windows.common-controls_6595b64144ccf1df_6.0.19041.1110_none_60b5254171f9507e;C:\Program Files\JetBrains\PyCharm 2021.1.3\jbr\bin\server

VM Arguments:
java_command: org.jetbrains.git4idea.http.GitAskPassApp Password for 'https://fslaurafs@github.com': 
java_class_path (initial): C:/Program Files/JetBrains/PyCharm 2021.1.3/plugins/git4idea/lib/git4idea-rt.jar;C:/Program Files/JetBrains/PyCharm 2021.1.3/lib/xmlrpc-2.0.1.jar;C:/Program Files/JetBrains/PyCharm 2021.1.3/lib/commons-codec-1.15.jar
Launcher Type: SUN_STANDARD

[Global flags]
     intx CICompilerCount                          = 4                                         {product} {ergonomic}
     uint ConcGCThreads                            = 3                                         {product} {ergonomic}
     uint G1ConcRefinementThreads                  = 10                                        {product} {ergonomic}
   size_t G1HeapRegionSize                         = 1048576                                   {product} {ergonomic}
    uintx GCDrainStackTargetSize                   = 64                                        {product} {ergonomic}
   size_t InitialHeapSize                          = 134217728                                 {product} {ergonomic}
   size_t MarkStackSize                            = 4194304                                   {product} {ergonomic}
   size_t MaxHeapSize                              = 2130706432                                {product} {ergonomic}
   size_t MaxNewSize                               = 1278214144                                {product} {ergonomic}
   size_t MinHeapDeltaBytes                        = 1048576                                   {product} {ergonomic}
    uintx NonNMethodCodeHeapSize                   = 5836300                                {pd product} {ergonomic}
    uintx NonProfiledCodeHeapSize                  = 122910970                              {pd product} {ergonomic}
    uintx ProfiledCodeHeapSize                     = 122910970                              {pd product} {ergonomic}
    uintx ReservedCodeCacheSize                    = 251658240                              {pd product} {ergonomic}
     bool SegmentedCodeCache                       = true                                      {product} {ergonomic}
     bool UseCompressedClassPointers               = true                                 {lp64_product} {ergonomic}
     bool UseCompressedOops                        = true                                 {lp64_product} {ergonomic}
     bool UseG1GC                                  = true                                      {product} {ergonomic}
     bool UseLargePagesIndividualAllocation        = false                                  {pd product} {ergonomic}

Logging:
Log output configuration:
 #0: stdout all=warning uptime,level,tags
 #1: stderr all=off uptime,level,tags

Environment Variables:
PATH=C:\Program Files\Git\mingw64\libexec\git-core;C:\Program Files\Git\mingw64\libexec\git-core;C:\Program Files\Git\mingw64\bin;C:\Program Files\Git\usr\bin;C:\Users\Laura\bin;C:\Program Files (x86)\VMware\VMware Workstation\bin;C:\Windows\system32;C:\Windows;C:\Windows\System32\Wbem;C:\Windows\System32\WindowsPowerShell\v1.0;C:\Windows\System32\OpenSSH;C:\Program Files\Git\cmd;C:\Program Files\PuTTY;C:\Program Files\nodejs;C:\Program Files (x86)\NVIDIA Corporation\PhysX\Common;C:\Users\Laura\AppData\Local\Microsoft\WindowsApps;C:\Program Files\JetBrains\PyCharm 2021.1.3\bin;C:\Users\Laura\AppData\Local\Programs\Microsoft VS Code\bin;C:\Users\Laura\AppData\Roaming\npm;C:\Users\Laura\AppData\Local\Programs\Python\Python38;C:\Users\Laura\AppData\Local\Programs\Python\Python38\Scripts
USERNAME=Laura
DISPLAY=:0.0
LC_ALL=en_US.UTF-8
OS=Windows_NT
PROCESSOR_IDENTIFIER=Intel64 Family 6 Model 165 Stepping 5, GenuineIntel



---------------  S Y S T E M  ---------------

OS: Windows 10 , 64 bit Build 19041 (10.0.19041.1151)
OS uptime: 1 days 5:45 hours

CPU:total 12 (initial active 12) (6 cores per cpu, 2 threads per core) family 6 model 165 stepping 5 microcode 0xca, cmov, cx8, fxsr, mmx, sse, sse2, sse3, ssse3, sse4.1, sse4.2, popcnt, avx, avx2, aes, clmul, erms, 3dnowpref, lzcnt, ht, tsc, tscinvbit, bmi1, bmi2, adx, fma

Memory: 4k page, system-wide physical 8126M (3467M free)
TotalPageFile size 9406M (AvailPageFile size 2417M)
current process WorkingSet (physical memory assigned to process): 44M, peak: 44M
current process commit charge ("private bytes"): 213M, peak: 213M

vm_info: OpenJDK 64-Bit Server VM (11.0.11+9-b1341.60) for windows-amd64 JRE (11.0.11+9-b1341.60), built on Jun  4 2021 08:17:54 by "" with MS VC++ 14.0 (VS2015)

END.
